mode: set
github.com/GrishaSkurikhin/OzonTestTask/internal/storage/in-memory/in-memory.go:11.22,15.2 1 1
github.com/GrishaSkurikhin/OzonTestTask/internal/storage/in-memory/in-memory.go:17.67,20.2 2 1
github.com/GrishaSkurikhin/OzonTestTask/internal/storage/in-memory/in-memory.go:22.60,24.9 2 1
github.com/GrishaSkurikhin/OzonTestTask/internal/storage/in-memory/in-memory.go:24.9,26.3 1 0
github.com/GrishaSkurikhin/OzonTestTask/internal/storage/in-memory/in-memory.go:27.2,27.30 1 1
github.com/GrishaSkurikhin/OzonTestTask/internal/storage/in-memory/in-memory.go:30.68,33.2 2 1
github.com/GrishaSkurikhin/OzonTestTask/internal/storage/postgresql/postgresql.go:22.48,26.16 3 0
github.com/GrishaSkurikhin/OzonTestTask/internal/storage/postgresql/postgresql.go:26.16,28.3 1 0
github.com/GrishaSkurikhin/OzonTestTask/internal/storage/postgresql/postgresql.go:30.2,31.16 2 0
github.com/GrishaSkurikhin/OzonTestTask/internal/storage/postgresql/postgresql.go:31.16,33.3 1 0
github.com/GrishaSkurikhin/OzonTestTask/internal/storage/postgresql/postgresql.go:34.2,34.33 1 0
github.com/GrishaSkurikhin/OzonTestTask/internal/storage/postgresql/postgresql.go:37.62,41.16 3 0
github.com/GrishaSkurikhin/OzonTestTask/internal/storage/postgresql/postgresql.go:41.16,43.3 1 0
github.com/GrishaSkurikhin/OzonTestTask/internal/storage/postgresql/postgresql.go:44.2,44.12 1 0
github.com/GrishaSkurikhin/OzonTestTask/internal/storage/postgresql/postgresql.go:47.71,56.16 4 1
github.com/GrishaSkurikhin/OzonTestTask/internal/storage/postgresql/postgresql.go:56.16,58.3 1 0
github.com/GrishaSkurikhin/OzonTestTask/internal/storage/postgresql/postgresql.go:60.2,61.16 2 1
github.com/GrishaSkurikhin/OzonTestTask/internal/storage/postgresql/postgresql.go:61.16,63.3 1 0
github.com/GrishaSkurikhin/OzonTestTask/internal/storage/postgresql/postgresql.go:64.2,70.16 5 1
github.com/GrishaSkurikhin/OzonTestTask/internal/storage/postgresql/postgresql.go:70.16,73.3 2 1
github.com/GrishaSkurikhin/OzonTestTask/internal/storage/postgresql/postgresql.go:75.2,76.16 2 1
github.com/GrishaSkurikhin/OzonTestTask/internal/storage/postgresql/postgresql.go:76.16,78.3 1 0
github.com/GrishaSkurikhin/OzonTestTask/internal/storage/postgresql/postgresql.go:80.2,80.12 1 1
github.com/GrishaSkurikhin/OzonTestTask/internal/storage/postgresql/postgresql.go:83.72,95.16 4 1
github.com/GrishaSkurikhin/OzonTestTask/internal/storage/postgresql/postgresql.go:95.16,97.3 1 0
github.com/GrishaSkurikhin/OzonTestTask/internal/storage/postgresql/postgresql.go:98.2,105.16 6 1
github.com/GrishaSkurikhin/OzonTestTask/internal/storage/postgresql/postgresql.go:105.16,107.3 1 1
github.com/GrishaSkurikhin/OzonTestTask/internal/storage/postgresql/postgresql.go:109.2,109.20 1 1
github.com/GrishaSkurikhin/OzonTestTask/internal/storage/postgresql/postgresql.go:112.64,122.16 4 1
github.com/GrishaSkurikhin/OzonTestTask/internal/storage/postgresql/postgresql.go:122.16,124.3 1 0
github.com/GrishaSkurikhin/OzonTestTask/internal/storage/postgresql/postgresql.go:125.2,132.16 6 1
github.com/GrishaSkurikhin/OzonTestTask/internal/storage/postgresql/postgresql.go:132.16,134.3 1 1
github.com/GrishaSkurikhin/OzonTestTask/internal/storage/postgresql/postgresql.go:136.2,136.21 1 1
github.com/GrishaSkurikhin/OzonTestTask/internal/url/url.go:13.29,28.30 5 1
github.com/GrishaSkurikhin/OzonTestTask/internal/url/url.go:28.30,31.3 2 1
github.com/GrishaSkurikhin/OzonTestTask/internal/url/url.go:33.2,33.26 1 1
github.com/GrishaSkurikhin/OzonTestTask/internal/url/url.go:42.75,47.50 3 1
github.com/GrishaSkurikhin/OzonTestTask/internal/url/url.go:47.50,49.3 1 1
github.com/GrishaSkurikhin/OzonTestTask/internal/url/url.go:51.2,55.6 3 1
github.com/GrishaSkurikhin/OzonTestTask/internal/url/url.go:55.6,57.17 2 1
github.com/GrishaSkurikhin/OzonTestTask/internal/url/url.go:57.17,59.4 1 1
github.com/GrishaSkurikhin/OzonTestTask/internal/url/url.go:60.3,60.14 1 1
github.com/GrishaSkurikhin/OzonTestTask/internal/url/url.go:60.14,61.9 1 1
github.com/GrishaSkurikhin/OzonTestTask/internal/url/url.go:63.3,64.32 2 1
github.com/GrishaSkurikhin/OzonTestTask/internal/url/url.go:67.2,68.16 2 1
github.com/GrishaSkurikhin/OzonTestTask/internal/url/url.go:68.16,70.3 1 1
github.com/GrishaSkurikhin/OzonTestTask/internal/url/url.go:72.2,72.22 1 1
github.com/GrishaSkurikhin/OzonTestTask/internal/url/url.go:80.64,83.89 2 1
github.com/GrishaSkurikhin/OzonTestTask/internal/url/url.go:83.89,85.3 1 1
github.com/GrishaSkurikhin/OzonTestTask/internal/url/url.go:86.2,87.16 2 1
github.com/GrishaSkurikhin/OzonTestTask/internal/url/url.go:87.16,89.3 1 1
github.com/GrishaSkurikhin/OzonTestTask/internal/url/url.go:91.2,92.25 2 1
github.com/GrishaSkurikhin/OzonTestTask/internal/url/url.go:92.25,96.3 3 1
github.com/GrishaSkurikhin/OzonTestTask/internal/url/url.go:98.2,99.16 2 1
github.com/GrishaSkurikhin/OzonTestTask/internal/url/url.go:99.16,101.3 1 1
github.com/GrishaSkurikhin/OzonTestTask/internal/url/url.go:103.2,103.19 1 1
github.com/GrishaSkurikhin/OzonTestTask/internal/url/url.go:103.19,105.3 1 1
github.com/GrishaSkurikhin/OzonTestTask/internal/url/url.go:107.2,107.21 1 1
